<?xml version="1.0" encoding="UTF-8"?>
<!-- Generated by org.testng.reporters.JUnitReportReporter -->
<testsuite hostname="DESKTOP-1TKCKO8" name="Maven_Project.TC_01" tests="1" failures="0" timestamp="28 Feb 2020 12:10:34 GMT" time="41.587" errors="0">
  <testcase name="TestOne" time="41.587" classname="Maven_Project.TC_01"/>
</testsuite> <!-- Maven_Project.TC_01 -->
